2020-04-20 17:39:05 INFO  PluginTasksProjectComponent.projectOpened(77) - ---------- Project opened ----------
2020-04-20 17:39:05 INFO  PluginTasksProjectComponent.projectOpened(78) - ---------- Version 3.38 ----------

2020-04-20 17:39:05 INFO  PluginTasksProjectComponent.setAutoscrolls(366) - Autoscrolls successfully set
2020-04-20 17:39:08 INFO  ApacheHttpClient.isSessionAppropriateWithSecretKey(581) - The session is not set in the property file.
2020-04-20 17:39:08 INFO  ApacheHttpClient.logout(625) - Waiting for server response.
2020-04-20 17:39:08 INFO  ApacheHttpClient.login(247) - Waiting for server response.
2020-04-20 17:39:08 INFO  ApacheHttpClient.login(251) - responseCode = 200
2020-04-20 17:39:08 INFO  ApacheHttpClient.login(274) - JSESSIONID OK
2020-04-20 17:39:08 INFO  ApacheHttpClient.refreshUserInfo(302) - responseCode = 200
2020-04-20 17:39:08 INFO  ApacheHttpClient.refreshUserInfo(308) - User information received.
2020-04-20 17:39:08 INFO  ApacheHttpClient.startGA(35) - GAService started.
2020-04-20 17:39:08 INFO  AbstractRestApiClient.startService(71) - EventsService started.
2020-04-20 17:39:31 INFO  ApacheHttpClient.getWebResourceAsStream(494) - responseCode = 200
2020-04-20 17:39:31 INFO  ApacheHttpClient.getFilteredTasks(333) - responseCode = 200
2020-04-20 17:40:00 INFO  ApacheHttpClient.getTaskTemplateInfo(350) - responseCode = 200
2020-04-20 17:40:03 INFO  ApacheHttpClient.getWebResourceAsStream(494) - responseCode = 200
2020-04-20 17:40:08 INFO  ApacheHttpClient.sendEvent(527) - responseCode = 200
2020-04-20 17:41:02 INFO  ApacheHttpClient.getWebResourceAsStream(494) - responseCode = 200
2020-04-20 17:41:02 INFO  ApacheHttpClient.getWebResourceAsStream(494) - responseCode = 200
2020-04-20 17:41:02 INFO  ApacheHttpClient.getTask(480) - responseCode = 200
2020-04-20 17:41:03 INFO  ApacheHttpClient.completed(28) - responseCode = 200
2020-04-20 17:41:03 INFO  ApacheHttpClient.getTask(480) - responseCode = 200
2020-04-20 17:41:08 INFO  ApacheHttpClient.sendEvent(527) - responseCode = 200
2020-04-20 17:41:12 INFO  ApacheHttpClient.getWebResourceAsStream(494) - responseCode = 200
2020-04-20 17:41:12 WARN  PluginUtil.getCurrentTask(70) - Error while retrieving the task key.
2020-04-20 17:41:12 WARN  PluginUtil.getCurrentDirectory(101) - Error while getting the current directory.
2020-04-20 17:41:12 WARN  PluginUtil.getCurrentDirectory(101) - Error while getting the current directory.
2020-04-20 17:41:12 INFO  ApacheHttpClient.getTask(480) - responseCode = 200
2020-04-20 17:41:12 INFO  ApacheHttpClient.completed(28) - responseCode = 400
2020-04-20 17:41:12 WARN  TaskCompleted.run(70) - You already completed this task: "На нашем экране — переменная"
2020-04-20 17:41:12 INFO  ApacheHttpClient.getWebResourceAsStream(494) - responseCode = 200
2020-04-20 17:41:22 INFO  ApacheHttpClient.getWebResourceAsStream(494) - responseCode = 200
2020-04-20 17:41:22 INFO  ApacheHttpClient.getWebResourceAsStream(494) - responseCode = 200
2020-04-20 17:41:22 INFO  ApacheHttpClient.completed(28) - responseCode = 400
2020-04-20 17:41:23 INFO  ApacheHttpClient.getTask(480) - responseCode = 200
2020-04-20 17:41:23 WARN  TaskCompleted.run(70) - You already completed this task: "Объяви переменную name типа String."
2020-04-20 17:41:32 INFO  ApacheHttpClient.getWebResourceAsStream(494) - responseCode = 200
2020-04-20 17:41:32 INFO  ApacheHttpClient.getTask(480) - responseCode = 200
2020-04-20 17:41:32 INFO  ApacheHttpClient.completed(28) - responseCode = 400
2020-04-20 17:41:32 WARN  TaskCompleted.run(70) - You already completed this task: "Объяви переменную name типа String."
2020-04-20 17:41:32 INFO  ApacheHttpClient.getWebResourceAsStream(494) - responseCode = 200
2020-04-20 17:41:38 INFO  ApacheHttpClient.getWebResourceAsStream(494) - responseCode = 200
2020-04-20 17:41:38 INFO  ApacheHttpClient.getFilteredTasks(333) - responseCode = 200
2020-04-20 17:41:50 INFO  ApacheHttpClient.getTaskTemplateInfo(350) - responseCode = 200
2020-04-20 17:41:51 INFO  ApacheHttpClient.getWebResourceAsStream(494) - responseCode = 200
2020-04-20 17:42:08 INFO  ApacheHttpClient.sendEvent(527) - responseCode = 200
2020-04-20 17:42:19 INFO  ApacheHttpClient.getWebResourceAsStream(494) - responseCode = 200
2020-04-20 17:42:20 INFO  ApacheHttpClient.getTask(480) - responseCode = 200
2020-04-20 17:42:20 INFO  ApacheHttpClient.getWebResourceAsStream(494) - responseCode = 200
2020-04-20 17:42:20 INFO  ApacheHttpClient.completed(28) - responseCode = 200
2020-04-20 17:42:21 INFO  ApacheHttpClient.getTask(480) - responseCode = 200
2020-04-20 14:43:03 INFO  ApacheHttpClient.getWebResourceAsStream(494) - responseCode = 200
2020-04-20 14:43:03 INFO  ApacheHttpClient.getFilteredTasks(333) - responseCode = 200
2020-04-20 14:43:07 INFO  ApacheHttpClient.sendEvent(527) - responseCode = 200
2020-04-20 14:43:10 INFO  ApacheHttpClient.getTaskTemplateInfo(350) - responseCode = 200
2020-04-20 14:43:11 INFO  ApacheHttpClient.getWebResourceAsStream(494) - responseCode = 200
2020-04-20 14:43:51 INFO  ApacheHttpClient.getWebResourceAsStream(494) - responseCode = 200
2020-04-20 14:43:52 INFO  ApacheHttpClient.getWebResourceAsStream(494) - responseCode = 200
2020-04-20 14:43:52 INFO  ApacheHttpClient.getTask(480) - responseCode = 200
2020-04-20 14:43:53 INFO  ApacheHttpClient.completed(28) - responseCode = 200
2020-04-20 14:44:01 INFO  ApacheHttpClient.getWebResourceAsStream(494) - responseCode = 200
2020-04-20 14:44:01 INFO  ApacheHttpClient.getWebResourceAsStream(494) - responseCode = 200
2020-04-20 14:44:01 INFO  ApacheHttpClient.getTask(480) - responseCode = 200
2020-04-20 14:44:04 INFO  ApacheHttpClient.completed(28) - responseCode = 200
2020-04-20 14:44:04 INFO  ApacheHttpClient.getTask(480) - responseCode = 200
2020-04-20 14:44:07 INFO  ApacheHttpClient.sendEvent(527) - responseCode = 200
2020-04-20 14:44:09 INFO  ApacheHttpClient.getWebResourceAsStream(494) - responseCode = 200
2020-04-20 14:44:25 INFO  ApacheHttpClient.getFilteredTasks(333) - responseCode = 200
2020-04-20 14:44:40 INFO  ApacheHttpClient.getTaskTemplateInfo(350) - responseCode = 200
2020-04-20 14:44:41 INFO  ApacheHttpClient.getWebResourceAsStream(494) - responseCode = 200
2020-04-20 14:45:07 INFO  ApacheHttpClient.sendEvent(527) - responseCode = 200
2020-04-20 14:45:09 INFO  ApacheHttpClient.getWebResourceAsStream(494) - responseCode = 200
2020-04-20 14:45:09 INFO  ApacheHttpClient.getWebResourceAsStream(494) - responseCode = 200
2020-04-20 14:45:10 INFO  ApacheHttpClient.getTask(480) - responseCode = 200
2020-04-20 14:45:11 INFO  ApacheHttpClient.completed(28) - responseCode = 200
2020-04-20 14:45:12 INFO  ApacheHttpClient.getTask(480) - responseCode = 200
2020-04-20 14:45:19 INFO  ApacheHttpClient.getWebResourceAsStream(494) - responseCode = 200
2020-04-20 14:45:19 INFO  ApacheHttpClient.getFilteredTasks(333) - responseCode = 200
2020-04-20 14:45:52 INFO  ApacheHttpClient.getWebResourceAsStream(494) - responseCode = 200
2020-04-20 14:45:52 INFO  ApacheHttpClient.getWebResourceAsStream(494) - responseCode = 200
2020-04-20 14:45:52 INFO  ApacheHttpClient.getTaskTemplateInfo(350) - responseCode = 200
2020-04-20 14:45:53 INFO  ApacheHttpClient.getWebResourceAsStream(494) - responseCode = 200
2020-04-20 14:46:07 INFO  ApacheHttpClient.sendEvent(527) - responseCode = 200
2020-04-20 14:49:27 INFO  ApacheHttpClient.getWebResourceAsStream(494) - responseCode = 200
2020-04-20 14:49:27 INFO  ApacheHttpClient.getFilteredTasks(333) - responseCode = 200
2020-04-20 14:49:50 INFO  ApacheHttpClient.getTaskTemplateInfo(350) - responseCode = 200
2020-04-20 14:49:51 INFO  ApacheHttpClient.getWebResourceAsStream(494) - responseCode = 200
2020-04-20 14:50:11 INFO  ApacheHttpClient.sendEvent(527) - responseCode = 200
2020-04-20 14:51:05 INFO  ApacheHttpClient.getWebResourceAsStream(494) - responseCode = 200
2020-04-20 14:51:05 INFO  ApacheHttpClient.getWebResourceAsStream(494) - responseCode = 200
2020-04-20 14:51:06 INFO  ApacheHttpClient.getTask(480) - responseCode = 200
2020-04-20 14:51:07 INFO  ApacheHttpClient.completed(28) - responseCode = 200
2020-04-20 14:51:07 INFO  ApacheHttpClient.getTask(480) - responseCode = 200
2020-04-20 14:51:07 INFO  ApacheHttpClient.sendEvent(527) - responseCode = 200
2020-04-20 14:51:24 INFO  ApacheHttpClient.getWebResourceAsStream(494) - responseCode = 200
2020-04-20 14:51:24 INFO  ApacheHttpClient.getFilteredTasks(333) - responseCode = 200
2020-04-20 14:51:34 INFO  ApacheHttpClient.getFilteredTasks(333) - responseCode = 200
2020-04-20 14:51:42 INFO  ApacheHttpClient.getTaskTemplateInfo(350) - responseCode = 200
2020-04-20 14:51:42 INFO  ApacheHttpClient.getTaskTemplateInfo(350) - responseCode = 200
2020-04-20 14:51:43 INFO  ApacheHttpClient.getWebResourceAsStream(494) - responseCode = 200
2020-04-20 14:51:44 INFO  ApacheHttpClient.getWebResourceAsStream(494) - responseCode = 200
2020-04-20 14:52:07 INFO  ApacheHttpClient.sendEvent(527) - responseCode = 200
2020-04-20 14:53:07 INFO  ApacheHttpClient.sendEvent(527) - responseCode = 200
2020-04-20 14:53:13 INFO  ApacheHttpClient.getWebResourceAsStream(494) - responseCode = 200
2020-04-20 14:53:14 INFO  ApacheHttpClient.getWebResourceAsStream(494) - responseCode = 200
2020-04-20 14:53:14 INFO  ApacheHttpClient.getTask(480) - responseCode = 200
2020-04-20 14:53:16 INFO  ApacheHttpClient.completed(28) - responseCode = 200
2020-04-20 14:53:52 INFO  ApacheHttpClient.getWebResourceAsStream(494) - responseCode = 200
2020-04-20 14:53:52 INFO  ApacheHttpClient.getTask(480) - responseCode = 200
2020-04-20 14:53:52 INFO  ApacheHttpClient.getWebResourceAsStream(494) - responseCode = 200
2020-04-20 14:53:54 INFO  ApacheHttpClient.completed(28) - responseCode = 200
2020-04-20 14:54:07 INFO  ApacheHttpClient.sendEvent(527) - responseCode = 200
2020-04-20 14:54:21 INFO  ApacheHttpClient.getWebResourceAsStream(494) - responseCode = 200
2020-04-20 14:54:21 INFO  ApacheHttpClient.getTask(480) - responseCode = 200
2020-04-20 14:54:21 INFO  ApacheHttpClient.getWebResourceAsStream(494) - responseCode = 200
2020-04-20 14:54:25 INFO  ApacheHttpClient.completed(28) - responseCode = 200
2020-04-20 14:55:07 INFO  ApacheHttpClient.sendEvent(527) - responseCode = 200
2020-04-20 14:55:17 INFO  ApacheHttpClient.getWebResourceAsStream(494) - responseCode = 200
2020-04-20 14:55:18 INFO  ApacheHttpClient.getWebResourceAsStream(494) - responseCode = 200
2020-04-20 14:55:19 INFO  ApacheHttpClient.completed(28) - responseCode = 200
2020-04-20 14:55:21 INFO  ApacheHttpClient.getTask(480) - responseCode = 200
2020-04-20 14:55:21 INFO  ApacheHttpClient.getTask(480) - responseCode = 200
2020-04-20 14:55:31 INFO  ApacheHttpClient.getWebResourceAsStream(494) - responseCode = 200
2020-04-20 14:55:31 INFO  ApacheHttpClient.getFilteredTasks(333) - responseCode = 200
2020-04-20 14:55:40 INFO  ApacheHttpClient.getTaskTemplateInfo(350) - responseCode = 200
2020-04-20 14:55:48 INFO  ApacheHttpClient.getWebResourceAsStream(494) - responseCode = 200
2020-04-20 14:56:07 INFO  ApacheHttpClient.sendEvent(527) - responseCode = 200
2020-04-20 14:57:07 INFO  ApacheHttpClient.sendEvent(527) - responseCode = 200
2020-04-20 14:57:13 INFO  ApacheHttpClient.getWebResourceAsStream(494) - responseCode = 200
2020-04-20 14:57:13 INFO  ApacheHttpClient.getWebResourceAsStream(494) - responseCode = 200
2020-04-20 14:57:13 INFO  ApacheHttpClient.getTask(480) - responseCode = 200
2020-04-20 14:57:15 INFO  ApacheHttpClient.completed(28) - responseCode = 200
2020-04-20 14:57:36 INFO  ApacheHttpClient.getWebResourceAsStream(494) - responseCode = 200
2020-04-20 14:57:36 INFO  ApacheHttpClient.getTask(480) - responseCode = 200
2020-04-20 14:57:36 INFO  ApacheHttpClient.getWebResourceAsStream(494) - responseCode = 200
2020-04-20 14:57:43 INFO  ApacheHttpClient.completed(28) - responseCode = 200
2020-04-20 14:58:07 INFO  ApacheHttpClient.sendEvent(527) - responseCode = 200
2020-04-20 14:58:22 INFO  ApacheHttpClient.getWebResourceAsStream(494) - responseCode = 200
2020-04-20 14:58:22 INFO  ApacheHttpClient.getWebResourceAsStream(494) - responseCode = 200
2020-04-20 14:58:22 INFO  ApacheHttpClient.getTask(480) - responseCode = 200
2020-04-20 14:58:27 INFO  ApacheHttpClient.completed(28) - responseCode = 200
2020-04-20 14:59:07 INFO  ApacheHttpClient.sendEvent(527) - responseCode = 200
2020-04-20 15:00:03 INFO  ApacheHttpClient.getWebResourceAsStream(494) - responseCode = 200
2020-04-20 15:00:03 INFO  ApacheHttpClient.getWebResourceAsStream(494) - responseCode = 200
2020-04-20 15:00:03 INFO  ApacheHttpClient.getTask(480) - responseCode = 200
2020-04-20 15:00:06 INFO  ApacheHttpClient.completed(28) - responseCode = 200
2020-04-20 15:00:06 INFO  ApacheHttpClient.getTask(480) - responseCode = 200
2020-04-20 15:00:07 INFO  ApacheHttpClient.sendEvent(527) - responseCode = 200
2020-04-20 15:01:07 INFO  ApacheHttpClient.sendEvent(527) - responseCode = 200
2020-04-20 15:02:07 INFO  ApacheHttpClient.sendEvent(527) - responseCode = 200
2020-04-20 15:03:07 INFO  ApacheHttpClient.sendEvent(527) - responseCode = 200
2020-04-20 15:03:45 INFO  ApacheHttpClient.getWebResourceAsStream(494) - responseCode = 200
2020-04-20 15:03:45 INFO  ApacheHttpClient.getFilteredTasks(333) - responseCode = 200
2020-04-20 15:03:58 INFO  ApacheHttpClient.getTaskTemplateInfo(350) - responseCode = 200
2020-04-20 15:03:58 INFO  ApacheHttpClient.getWebResourceAsStream(494) - responseCode = 200
2020-04-20 15:04:07 INFO  ApacheHttpClient.sendEvent(527) - responseCode = 200
2020-04-20 15:05:07 INFO  ApacheHttpClient.sendEvent(527) - responseCode = 200
2020-04-20 15:05:13 INFO  ApacheHttpClient.getWebResourceAsStream(494) - responseCode = 200
2020-04-20 15:05:13 INFO  ApacheHttpClient.getWebResourceAsStream(494) - responseCode = 200
2020-04-20 15:05:14 INFO  ApacheHttpClient.getTask(480) - responseCode = 200
2020-04-20 15:05:15 INFO  ApacheHttpClient.completed(28) - responseCode = 200
2020-04-20 15:05:31 INFO  ApacheHttpClient.getTask(480) - responseCode = 200
2020-04-20 15:05:39 INFO  ApacheHttpClient.getWebResourceAsStream(494) - responseCode = 200
2020-04-20 15:05:39 INFO  ApacheHttpClient.getFilteredTasks(333) - responseCode = 200
2020-04-20 15:05:45 INFO  ApacheHttpClient.getTaskTemplateInfo(350) - responseCode = 200
2020-04-20 15:05:46 INFO  ApacheHttpClient.getWebResourceAsStream(494) - responseCode = 200
2020-04-20 15:06:07 INFO  ApacheHttpClient.sendEvent(527) - responseCode = 200
2020-04-20 15:07:07 INFO  ApacheHttpClient.sendEvent(527) - responseCode = 200
2020-04-20 15:08:07 INFO  ApacheHttpClient.sendEvent(527) - responseCode = 200
2020-04-20 15:09:07 INFO  ApacheHttpClient.sendEvent(527) - responseCode = 200
2020-04-20 15:10:07 INFO  ApacheHttpClient.sendEvent(527) - responseCode = 200
2020-04-20 15:11:07 INFO  ApacheHttpClient.sendEvent(527) - responseCode = 200
2020-04-20 15:12:07 INFO  ApacheHttpClient.sendEvent(527) - responseCode = 200
2020-04-20 15:12:22 INFO  ApacheHttpClient.getWebResourceAsStream(494) - responseCode = 200
2020-04-20 15:12:22 INFO  ApacheHttpClient.getTask(480) - responseCode = 200
2020-04-20 15:12:23 INFO  ApacheHttpClient.getWebResourceAsStream(494) - responseCode = 200
2020-04-20 15:12:23 INFO  ApacheHttpClient.completed(28) - responseCode = 200
2020-04-20 15:13:07 INFO  ApacheHttpClient.sendEvent(527) - responseCode = 200
2020-04-20 15:13:17 INFO  ApacheHttpClient.getWebResourceAsStream(494) - responseCode = 200
2020-04-20 15:13:17 INFO  ApacheHttpClient.getTask(480) - responseCode = 200
2020-04-20 15:13:17 INFO  ApacheHttpClient.getWebResourceAsStream(494) - responseCode = 200
2020-04-20 15:13:18 INFO  ApacheHttpClient.completed(28) - responseCode = 200
2020-04-20 15:13:19 INFO  ApacheHttpClient.getTask(480) - responseCode = 200
2020-04-20 15:13:49 INFO  ApacheHttpClient.getWebResourceAsStream(494) - responseCode = 200
2020-04-20 15:13:49 INFO  ApacheHttpClient.getFilteredTasks(333) - responseCode = 200
2020-04-20 15:13:52 INFO  ApacheHttpClient.getTaskTemplateInfo(350) - responseCode = 200
2020-04-20 15:13:53 INFO  ApacheHttpClient.getWebResourceAsStream(494) - responseCode = 200
2020-04-20 15:14:07 INFO  ApacheHttpClient.sendEvent(527) - responseCode = 200
2020-04-20 15:15:07 INFO  ApacheHttpClient.sendEvent(527) - responseCode = 200
2020-04-20 15:16:07 INFO  ApacheHttpClient.sendEvent(527) - responseCode = 200
2020-04-20 15:17:07 INFO  ApacheHttpClient.sendEvent(527) - responseCode = 200
2020-04-20 15:18:05 INFO  ApacheHttpClient.getWebResourceAsStream(494) - responseCode = 200
2020-04-20 15:18:05 INFO  ApacheHttpClient.getWebResourceAsStream(494) - responseCode = 200
2020-04-20 15:18:05 INFO  ApacheHttpClient.getTask(480) - responseCode = 200
2020-04-20 15:18:07 INFO  ApacheHttpClient.sendEvent(527) - responseCode = 200
2020-04-20 15:18:07 INFO  ApacheHttpClient.completed(28) - responseCode = 200
2020-04-20 15:18:08 INFO  ApacheHttpClient.getTask(480) - responseCode = 200
2020-04-20 15:18:34 INFO  ApacheHttpClient.getWebResourceAsStream(494) - responseCode = 200
2020-04-20 15:18:34 INFO  ApacheHttpClient.getFilteredTasks(333) - responseCode = 200
2020-04-20 15:18:38 INFO  ApacheHttpClient.getTaskTemplateInfo(350) - responseCode = 200
2020-04-20 15:18:39 INFO  ApacheHttpClient.getWebResourceAsStream(494) - responseCode = 200
2020-04-20 15:19:07 INFO  ApacheHttpClient.sendEvent(527) - responseCode = 200
2020-04-20 15:20:07 INFO  ApacheHttpClient.sendEvent(527) - responseCode = 200
2020-04-20 15:20:23 INFO  ApacheHttpClient.getWebResourceAsStream(494) - responseCode = 200
2020-04-20 15:20:24 INFO  ApacheHttpClient.getWebResourceAsStream(494) - responseCode = 200
2020-04-20 15:20:24 INFO  ApacheHttpClient.getTask(480) - responseCode = 200
2020-04-20 15:20:25 INFO  ApacheHttpClient.completed(28) - responseCode = 200
2020-04-20 15:20:25 INFO  ApacheHttpClient.getTask(480) - responseCode = 200
2020-04-20 15:20:48 INFO  ApacheHttpClient.getWebResourceAsStream(494) - responseCode = 200
2020-04-20 15:20:48 INFO  ApacheHttpClient.getFilteredTasks(333) - responseCode = 200
2020-04-20 15:20:50 INFO  ApacheHttpClient.getTaskTemplateInfo(350) - responseCode = 200
2020-04-20 15:20:51 INFO  ApacheHttpClient.getWebResourceAsStream(494) - responseCode = 200
2020-04-20 15:21:07 INFO  ApacheHttpClient.sendEvent(527) - responseCode = 200
2020-04-20 15:22:06 INFO  ApacheHttpClient.getWebResourceAsStream(494) - responseCode = 200
2020-04-20 15:22:07 INFO  ApacheHttpClient.getWebResourceAsStream(494) - responseCode = 200
2020-04-20 15:22:07 INFO  ApacheHttpClient.getTask(480) - responseCode = 200
2020-04-20 15:22:07 INFO  ApacheHttpClient.sendEvent(527) - responseCode = 200
2020-04-20 15:22:11 INFO  ApacheHttpClient.completed(28) - responseCode = 200
2020-04-20 15:22:11 INFO  ApacheHttpClient.getTask(480) - responseCode = 200
2020-04-20 15:23:07 INFO  ApacheHttpClient.sendEvent(527) - responseCode = 200
2020-04-20 15:24:07 INFO  ApacheHttpClient.sendEvent(527) - responseCode = 200
2020-04-20 15:25:07 INFO  ApacheHttpClient.sendEvent(527) - responseCode = 200
2020-04-20 15:26:07 INFO  ApacheHttpClient.sendEvent(527) - responseCode = 200
2020-04-20 15:27:07 INFO  ApacheHttpClient.sendEvent(527) - responseCode = 200
2020-04-20 15:28:07 INFO  ApacheHttpClient.sendEvent(527) - responseCode = 200
2020-04-20 15:29:07 INFO  ApacheHttpClient.sendEvent(527) - responseCode = 200
2020-04-20 15:30:07 INFO  ApacheHttpClient.sendEvent(527) - responseCode = 200
2020-04-20 15:31:07 INFO  ApacheHttpClient.sendEvent(527) - responseCode = 200
2020-04-20 15:32:07 INFO  ApacheHttpClient.sendEvent(527) - responseCode = 200
2020-04-20 15:33:07 INFO  ApacheHttpClient.sendEvent(527) - responseCode = 200
2020-04-20 15:34:07 INFO  ApacheHttpClient.sendEvent(527) - responseCode = 200
2020-04-20 15:35:07 INFO  ApacheHttpClient.sendEvent(527) - responseCode = 200
2020-04-20 15:35:45 INFO  ApacheHttpClient.getWebResourceAsStream(494) - responseCode = 200
2020-04-20 15:35:45 INFO  ApacheHttpClient.getFilteredTasks(333) - responseCode = 200
2020-04-20 15:35:48 INFO  ApacheHttpClient.getTaskTemplateInfo(350) - responseCode = 200
2020-04-20 15:35:49 INFO  ApacheHttpClient.getWebResourceAsStream(494) - responseCode = 200
2020-04-20 15:36:07 INFO  ApacheHttpClient.sendEvent(527) - responseCode = 200
2020-04-20 15:36:27 INFO  ApacheHttpClient.getWebResourceAsStream(494) - responseCode = 200
2020-04-20 15:36:27 INFO  ApacheHttpClient.getWebResourceAsStream(494) - responseCode = 200
2020-04-20 15:36:27 INFO  ApacheHttpClient.getTask(480) - responseCode = 200
2020-04-20 15:36:30 INFO  ApacheHttpClient.completed(28) - responseCode = 200
2020-04-20 15:36:30 INFO  ApacheHttpClient.getTask(480) - responseCode = 200
2020-04-20 15:36:47 INFO  ApacheHttpClient.getWebResourceAsStream(494) - responseCode = 200
2020-04-20 15:36:47 INFO  ApacheHttpClient.getFilteredTasks(333) - responseCode = 200
2020-04-20 15:36:50 INFO  ApacheHttpClient.getTaskTemplateInfo(350) - responseCode = 200
2020-04-20 15:36:50 INFO  ApacheHttpClient.getWebResourceAsStream(494) - responseCode = 200
2020-04-20 15:37:07 INFO  ApacheHttpClient.sendEvent(527) - responseCode = 200
2020-04-20 15:38:07 INFO  ApacheHttpClient.sendEvent(527) - responseCode = 200
2020-04-20 15:39:07 INFO  ApacheHttpClient.sendEvent(527) - responseCode = 200
2020-04-20 15:40:07 INFO  ApacheHttpClient.sendEvent(527) - responseCode = 200
2020-04-20 15:40:18 INFO  ApacheHttpClient.getWebResourceAsStream(494) - responseCode = 200
2020-04-20 15:40:18 INFO  ApacheHttpClient.getWebResourceAsStream(494) - responseCode = 200
2020-04-20 15:40:18 INFO  ApacheHttpClient.getTask(480) - responseCode = 200
2020-04-20 15:40:21 INFO  ApacheHttpClient.completed(28) - responseCode = 200
2020-04-20 15:40:21 INFO  ApacheHttpClient.getTask(480) - responseCode = 200
2020-04-20 15:41:07 INFO  ApacheHttpClient.sendEvent(527) - responseCode = 200
2020-04-20 15:41:48 INFO  ApacheHttpClient.getWebResourceAsStream(494) - responseCode = 200
2020-04-20 15:41:48 INFO  ApacheHttpClient.getFilteredTasks(333) - responseCode = 200
2020-04-20 15:41:50 INFO  ApacheHttpClient.getTaskTemplateInfo(350) - responseCode = 200
2020-04-20 15:41:51 INFO  ApacheHttpClient.getWebResourceAsStream(494) - responseCode = 200
2020-04-20 15:42:07 INFO  ApacheHttpClient.sendEvent(527) - responseCode = 200
2020-04-20 15:43:07 INFO  ApacheHttpClient.sendEvent(527) - responseCode = 200
2020-04-20 15:44:11 INFO  ApacheHttpClient.sendEvent(527) - responseCode = 200
2020-04-20 15:44:16 INFO  ApacheHttpClient.getWebResourceAsStream(494) - responseCode = 200
2020-04-20 15:44:16 INFO  ApacheHttpClient.getWebResourceAsStream(494) - responseCode = 200
2020-04-20 15:44:16 INFO  ApacheHttpClient.getTask(480) - responseCode = 200
2020-04-20 15:44:18 INFO  ApacheHttpClient.completed(28) - responseCode = 200
2020-04-20 15:44:18 INFO  ApacheHttpClient.getTask(480) - responseCode = 200
2020-04-20 15:45:07 INFO  ApacheHttpClient.sendEvent(527) - responseCode = 200
2020-04-20 15:46:07 INFO  ApacheHttpClient.sendEvent(527) - responseCode = 200
2020-04-20 15:47:07 INFO  ApacheHttpClient.sendEvent(527) - responseCode = 200
2020-04-20 15:48:07 INFO  ApacheHttpClient.sendEvent(527) - responseCode = 200
2020-04-20 15:49:07 INFO  ApacheHttpClient.sendEvent(527) - responseCode = 200
2020-04-20 15:50:07 INFO  ApacheHttpClient.sendEvent(527) - responseCode = 200
2020-04-20 15:51:07 INFO  ApacheHttpClient.sendEvent(527) - responseCode = 200
2020-04-20 15:52:07 INFO  ApacheHttpClient.sendEvent(527) - responseCode = 200
2020-04-20 15:53:07 INFO  ApacheHttpClient.sendEvent(527) - responseCode = 200
2020-04-20 15:54:07 INFO  ApacheHttpClient.sendEvent(527) - responseCode = 200
2020-04-20 15:55:45 INFO  ApacheHttpClient.sendEvent(527) - responseCode = 200
2020-04-20 15:56:07 INFO  ApacheHttpClient.sendEvent(527) - responseCode = 200
2020-04-20 15:57:07 INFO  ApacheHttpClient.sendEvent(527) - responseCode = 200
2020-04-20 15:58:07 INFO  ApacheHttpClient.sendEvent(527) - responseCode = 200
2020-04-20 15:59:07 INFO  ApacheHttpClient.sendEvent(527) - responseCode = 200
2020-04-20 16:00:07 INFO  ApacheHttpClient.sendEvent(527) - responseCode = 200
2020-04-20 16:01:07 INFO  ApacheHttpClient.sendEvent(527) - responseCode = 200
2020-04-20 16:02:10 INFO  ApacheHttpClient.sendEvent(527) - responseCode = 200
2020-04-20 16:03:07 INFO  ApacheHttpClient.sendEvent(527) - responseCode = 200
2020-04-20 16:04:07 INFO  ApacheHttpClient.sendEvent(527) - responseCode = 200
2020-04-20 16:05:07 INFO  ApacheHttpClient.sendEvent(527) - responseCode = 200
2020-04-20 16:06:07 INFO  ApacheHttpClient.sendEvent(527) - responseCode = 200
2020-04-20 16:07:07 INFO  ApacheHttpClient.sendEvent(527) - responseCode = 200
2020-04-20 16:08:07 INFO  ApacheHttpClient.sendEvent(527) - responseCode = 200
2020-04-20 16:09:07 INFO  ApacheHttpClient.sendEvent(527) - responseCode = 200
2020-04-20 16:10:07 INFO  ApacheHttpClient.sendEvent(527) - responseCode = 200
2020-04-20 16:11:08 INFO  ApacheHttpClient.sendEvent(527) - responseCode = 200
2020-04-20 16:12:07 INFO  ApacheHttpClient.sendEvent(527) - responseCode = 200
2020-04-20 16:13:08 INFO  ApacheHttpClient.sendEvent(527) - responseCode = 200
2020-04-20 16:14:11 INFO  ApacheHttpClient.sendEvent(527) - responseCode = 200
2020-04-20 16:15:08 INFO  ApacheHttpClient.sendEvent(527) - responseCode = 200
2020-04-20 16:16:07 INFO  ApacheHttpClient.sendEvent(527) - responseCode = 200
2020-04-20 16:53:56 ERROR ApacheHttpClient.processExceptionSendEvent(109) - (super) : Error while sending the event to the server.
2020-04-20 16:54:56 INFO  ApacheHttpClient.sendEvent(527) - responseCode = 200
2020-04-20 16:55:56 INFO  ApacheHttpClient.sendEvent(527) - responseCode = 200
2020-04-20 16:56:56 INFO  ApacheHttpClient.sendEvent(527) - responseCode = 200
2020-04-20 16:57:57 INFO  ApacheHttpClient.sendEvent(527) - responseCode = 200
2020-04-20 16:58:56 INFO  ApacheHttpClient.sendEvent(527) - responseCode = 200
2020-04-20 16:59:56 INFO  ApacheHttpClient.sendEvent(527) - responseCode = 200
2020-04-20 17:00:56 INFO  ApacheHttpClient.sendEvent(527) - responseCode = 200
2020-04-20 17:01:56 INFO  ApacheHttpClient.sendEvent(527) - responseCode = 200
2020-04-20 17:02:56 INFO  ApacheHttpClient.sendEvent(527) - responseCode = 200
2020-04-20 17:03:56 INFO  ApacheHttpClient.sendEvent(527) - responseCode = 200
2020-04-20 17:04:56 INFO  ApacheHttpClient.sendEvent(527) - responseCode = 200
2020-04-20 17:05:56 INFO  ApacheHttpClient.sendEvent(527) - responseCode = 200
2020-04-20 17:07:12 INFO  ApacheHttpClient.sendEvent(527) - responseCode = 200
2020-04-20 17:07:56 INFO  ApacheHttpClient.sendEvent(527) - responseCode = 200
2020-04-20 17:08:56 INFO  ApacheHttpClient.sendEvent(527) - responseCode = 200
2020-04-20 17:09:56 INFO  ApacheHttpClient.sendEvent(527) - responseCode = 200
2020-04-20 17:10:56 INFO  ApacheHttpClient.sendEvent(527) - responseCode = 200
2020-04-20 17:11:57 INFO  ApacheHttpClient.sendEvent(527) - responseCode = 200
2020-04-20 17:12:56 INFO  ApacheHttpClient.sendEvent(527) - responseCode = 200
2020-04-20 17:13:56 INFO  ApacheHttpClient.sendEvent(527) - responseCode = 200
2020-04-20 17:14:56 INFO  ApacheHttpClient.sendEvent(527) - responseCode = 200
2020-04-20 17:15:56 INFO  ApacheHttpClient.sendEvent(527) - responseCode = 200
2020-04-20 17:16:56 INFO  ApacheHttpClient.sendEvent(527) - responseCode = 200
2020-04-20 17:17:56 INFO  ApacheHttpClient.sendEvent(527) - responseCode = 200
2020-04-20 17:18:56 INFO  ApacheHttpClient.sendEvent(527) - responseCode = 200
2020-04-20 17:19:56 INFO  ApacheHttpClient.sendEvent(527) - responseCode = 200
2020-04-20 17:21:03 INFO  ApacheHttpClient.sendEvent(527) - responseCode = 200
2020-04-20 17:21:56 INFO  ApacheHttpClient.sendEvent(527) - responseCode = 200
2020-04-20 17:22:56 INFO  ApacheHttpClient.sendEvent(527) - responseCode = 200
2020-04-20 17:23:56 INFO  ApacheHttpClient.sendEvent(527) - responseCode = 200
2020-04-20 17:24:56 INFO  ApacheHttpClient.sendEvent(527) - responseCode = 200
2020-04-20 17:26:26 INFO  ApacheHttpClient.sendEvent(527) - responseCode = 200
2020-04-20 17:26:56 INFO  ApacheHttpClient.sendEvent(527) - responseCode = 200
2020-04-20 17:27:56 INFO  ApacheHttpClient.sendEvent(527) - responseCode = 200
2020-04-20 17:28:56 INFO  ApacheHttpClient.sendEvent(527) - responseCode = 200
2020-04-20 17:29:56 INFO  ApacheHttpClient.sendEvent(527) - responseCode = 200
2020-04-20 17:30:56 INFO  ApacheHttpClient.sendEvent(527) - responseCode = 200
2020-04-20 17:31:56 INFO  ApacheHttpClient.sendEvent(527) - responseCode = 200
2020-04-20 17:32:56 INFO  ApacheHttpClient.sendEvent(527) - responseCode = 200
2020-04-20 17:33:56 INFO  ApacheHttpClient.sendEvent(527) - responseCode = 200
2020-04-20 17:34:56 INFO  ApacheHttpClient.sendEvent(527) - responseCode = 200
2020-04-20 17:35:56 INFO  ApacheHttpClient.sendEvent(527) - responseCode = 200
2020-04-20 17:37:12 INFO  ApacheHttpClient.sendEvent(527) - responseCode = 200
2020-04-20 17:37:56 INFO  ApacheHttpClient.sendEvent(527) - responseCode = 200
2020-04-20 17:38:56 INFO  ApacheHttpClient.sendEvent(527) - responseCode = 200
2020-04-20 17:40:03 INFO  ApacheHttpClient.sendEvent(527) - responseCode = 200
2020-04-20 17:40:56 INFO  ApacheHttpClient.sendEvent(527) - responseCode = 200
2020-04-20 17:41:56 INFO  ApacheHttpClient.sendEvent(527) - responseCode = 200
2020-04-20 17:42:57 INFO  ApacheHttpClient.sendEvent(527) - responseCode = 200
2020-04-20 17:43:56 INFO  ApacheHttpClient.sendEvent(527) - responseCode = 200
2020-04-20 17:44:56 INFO  ApacheHttpClient.sendEvent(527) - responseCode = 200
2020-04-20 17:45:56 INFO  ApacheHttpClient.sendEvent(527) - responseCode = 200
2020-04-20 17:46:56 INFO  ApacheHttpClient.sendEvent(527) - responseCode = 200
2020-04-20 17:47:56 INFO  ApacheHttpClient.sendEvent(527) - responseCode = 200
2020-04-20 17:48:56 INFO  ApacheHttpClient.sendEvent(527) - responseCode = 200
2020-04-20 17:49:56 INFO  ApacheHttpClient.sendEvent(527) - responseCode = 200
2020-04-20 17:50:56 INFO  ApacheHttpClient.sendEvent(527) - responseCode = 200
2020-04-20 17:51:56 INFO  ApacheHttpClient.sendEvent(527) - responseCode = 200
2020-04-20 17:52:56 INFO  ApacheHttpClient.sendEvent(527) - responseCode = 200
2020-04-20 17:53:56 INFO  ApacheHttpClient.sendEvent(527) - responseCode = 200
2020-04-20 17:54:56 INFO  ApacheHttpClient.sendEvent(527) - responseCode = 200
2020-04-20 17:56:12 INFO  ApacheHttpClient.sendEvent(527) - responseCode = 200
2020-04-20 17:56:56 INFO  ApacheHttpClient.sendEvent(527) - responseCode = 200
2020-04-20 17:57:56 INFO  ApacheHttpClient.sendEvent(527) - responseCode = 200
2020-04-20 17:58:56 INFO  ApacheHttpClient.sendEvent(527) - responseCode = 200
2020-04-20 17:59:56 INFO  ApacheHttpClient.sendEvent(527) - responseCode = 200
2020-04-20 18:00:56 INFO  ApacheHttpClient.sendEvent(527) - responseCode = 200
2020-04-20 18:01:56 INFO  ApacheHttpClient.sendEvent(527) - responseCode = 200
2020-04-20 18:02:56 INFO  ApacheHttpClient.sendEvent(527) - responseCode = 200
2020-04-20 18:03:56 INFO  ApacheHttpClient.sendEvent(527) - responseCode = 200
2020-04-20 18:04:56 INFO  ApacheHttpClient.sendEvent(527) - responseCode = 200
2020-04-20 18:05:56 INFO  ApacheHttpClient.sendEvent(527) - responseCode = 200
2020-04-20 18:06:56 INFO  ApacheHttpClient.sendEvent(527) - responseCode = 200
2020-04-20 18:07:56 INFO  ApacheHttpClient.sendEvent(527) - responseCode = 200
2020-04-20 18:08:56 INFO  ApacheHttpClient.sendEvent(527) - responseCode = 200
2020-04-20 18:09:56 INFO  ApacheHttpClient.sendEvent(527) - responseCode = 200
2020-04-20 18:10:56 INFO  ApacheHttpClient.sendEvent(527) - responseCode = 200
2020-04-20 18:11:56 INFO  ApacheHttpClient.sendEvent(527) - responseCode = 200
2020-04-20 18:12:56 INFO  ApacheHttpClient.sendEvent(527) - responseCode = 200
2020-04-20 18:13:56 INFO  ApacheHttpClient.sendEvent(527) - responseCode = 200
2020-04-20 18:14:56 INFO  ApacheHttpClient.sendEvent(527) - responseCode = 200
2020-04-20 18:15:56 INFO  ApacheHttpClient.sendEvent(527) - responseCode = 200
2020-04-20 18:16:56 INFO  ApacheHttpClient.sendEvent(527) - responseCode = 200
2020-04-20 18:17:56 INFO  ApacheHttpClient.sendEvent(527) - responseCode = 200
2020-04-20 18:18:56 INFO  ApacheHttpClient.sendEvent(527) - responseCode = 200
2020-04-20 18:19:56 INFO  ApacheHttpClient.sendEvent(527) - responseCode = 200
2020-04-20 18:20:56 INFO  ApacheHttpClient.sendEvent(527) - responseCode = 200
2020-04-20 18:21:56 INFO  ApacheHttpClient.sendEvent(527) - responseCode = 200
2020-04-20 18:22:56 INFO  ApacheHttpClient.sendEvent(527) - responseCode = 200
2020-04-20 18:23:56 INFO  ApacheHttpClient.sendEvent(527) - responseCode = 200
2020-04-20 18:24:56 INFO  ApacheHttpClient.sendEvent(527) - responseCode = 200
2020-04-20 18:25:57 INFO  ApacheHttpClient.sendEvent(527) - responseCode = 200
2020-04-20 18:26:56 INFO  ApacheHttpClient.sendEvent(527) - responseCode = 200
2020-04-20 18:27:56 INFO  ApacheHttpClient.sendEvent(527) - responseCode = 200
2020-04-20 18:28:56 INFO  ApacheHttpClient.sendEvent(527) - responseCode = 200
2020-04-20 18:29:56 INFO  ApacheHttpClient.sendEvent(527) - responseCode = 200
2020-04-20 18:30:56 INFO  ApacheHttpClient.sendEvent(527) - responseCode = 200
2020-04-20 18:31:56 INFO  ApacheHttpClient.sendEvent(527) - responseCode = 200
2020-04-20 18:32:56 INFO  ApacheHttpClient.sendEvent(527) - responseCode = 200
2020-04-20 18:33:56 INFO  ApacheHttpClient.sendEvent(527) - responseCode = 200
2020-04-20 18:34:56 INFO  ApacheHttpClient.sendEvent(527) - responseCode = 200
2020-04-20 18:35:56 INFO  ApacheHttpClient.sendEvent(527) - responseCode = 200
2020-04-20 18:37:00 INFO  ApacheHttpClient.sendEvent(527) - responseCode = 200
2020-04-20 18:37:56 INFO  ApacheHttpClient.sendEvent(527) - responseCode = 200
2020-04-20 18:38:56 INFO  ApacheHttpClient.sendEvent(527) - responseCode = 200
2020-04-20 18:39:56 INFO  ApacheHttpClient.sendEvent(527) - responseCode = 200
2020-04-20 18:40:56 INFO  ApacheHttpClient.sendEvent(527) - responseCode = 200
2020-04-20 18:41:56 INFO  ApacheHttpClient.sendEvent(527) - responseCode = 200
2020-04-20 18:42:57 INFO  ApacheHttpClient.sendEvent(527) - responseCode = 200
2020-04-20 18:43:56 INFO  ApacheHttpClient.sendEvent(527) - responseCode = 200
2020-04-20 18:44:56 INFO  ApacheHttpClient.sendEvent(527) - responseCode = 200
2020-04-20 18:45:56 INFO  ApacheHttpClient.sendEvent(527) - responseCode = 200
2020-04-20 18:46:56 INFO  ApacheHttpClient.sendEvent(527) - responseCode = 200
2020-04-20 18:47:56 INFO  ApacheHttpClient.sendEvent(527) - responseCode = 200
2020-04-20 18:48:56 INFO  ApacheHttpClient.sendEvent(527) - responseCode = 200
2020-04-20 18:49:56 INFO  ApacheHttpClient.sendEvent(527) - responseCode = 200
2020-04-20 18:50:56 INFO  ApacheHttpClient.sendEvent(527) - responseCode = 200
2020-04-20 18:51:56 INFO  ApacheHttpClient.sendEvent(527) - responseCode = 200
2020-04-20 18:52:56 INFO  ApacheHttpClient.sendEvent(527) - responseCode = 200
2020-04-20 18:53:56 INFO  ApacheHttpClient.sendEvent(527) - responseCode = 200
2020-04-20 18:54:56 INFO  ApacheHttpClient.sendEvent(527) - responseCode = 200
2020-04-20 18:55:56 INFO  ApacheHttpClient.sendEvent(527) - responseCode = 200
2020-04-20 18:56:56 INFO  ApacheHttpClient.sendEvent(527) - responseCode = 200
2020-04-20 18:57:56 INFO  ApacheHttpClient.sendEvent(527) - responseCode = 200
2020-04-20 18:58:57 INFO  ApacheHttpClient.sendEvent(527) - responseCode = 200
2020-04-20 18:59:56 INFO  ApacheHttpClient.sendEvent(527) - responseCode = 200
2020-04-20 19:00:56 INFO  ApacheHttpClient.sendEvent(527) - responseCode = 200
2020-04-20 19:01:56 INFO  ApacheHttpClient.sendEvent(527) - responseCode = 200
2020-04-20 19:02:56 INFO  ApacheHttpClient.sendEvent(527) - responseCode = 200
2020-04-20 19:03:56 INFO  ApacheHttpClient.sendEvent(527) - responseCode = 200
2020-04-20 19:04:56 INFO  ApacheHttpClient.sendEvent(527) - responseCode = 200
2020-04-20 19:05:56 INFO  ApacheHttpClient.sendEvent(527) - responseCode = 200
2020-04-20 19:06:56 INFO  ApacheHttpClient.sendEvent(527) - responseCode = 200
2020-04-20 19:07:56 INFO  ApacheHttpClient.sendEvent(527) - responseCode = 200
2020-04-20 19:08:56 INFO  ApacheHttpClient.sendEvent(527) - responseCode = 200
2020-04-20 19:09:56 INFO  ApacheHttpClient.sendEvent(527) - responseCode = 200
2020-04-20 19:10:56 INFO  ApacheHttpClient.sendEvent(527) - responseCode = 200
2020-04-20 19:11:56 INFO  ApacheHttpClient.sendEvent(527) - responseCode = 200
2020-04-20 19:12:56 INFO  ApacheHttpClient.sendEvent(527) - responseCode = 200
2020-04-20 19:13:56 INFO  ApacheHttpClient.sendEvent(527) - responseCode = 200
2020-04-20 19:14:56 INFO  ApacheHttpClient.sendEvent(527) - responseCode = 200
2020-04-20 19:15:56 INFO  ApacheHttpClient.sendEvent(527) - responseCode = 200
2020-04-20 19:16:56 INFO  ApacheHttpClient.sendEvent(527) - responseCode = 200
2020-04-20 19:17:56 INFO  ApacheHttpClient.sendEvent(527) - responseCode = 200
2020-04-20 19:18:56 INFO  ApacheHttpClient.sendEvent(527) - responseCode = 200
2020-04-20 19:19:56 INFO  ApacheHttpClient.sendEvent(527) - responseCode = 200
2020-04-20 19:20:56 INFO  ApacheHttpClient.sendEvent(527) - responseCode = 200
2020-04-20 19:21:56 INFO  ApacheHttpClient.sendEvent(527) - responseCode = 200
2020-04-20 19:22:56 INFO  ApacheHttpClient.sendEvent(527) - responseCode = 200
2020-04-20 19:23:56 INFO  ApacheHttpClient.sendEvent(527) - responseCode = 200
2020-04-20 19:24:56 INFO  ApacheHttpClient.sendEvent(527) - responseCode = 200
2020-04-20 19:25:56 INFO  ApacheHttpClient.sendEvent(527) - responseCode = 200
2020-04-20 19:26:56 INFO  ApacheHttpClient.sendEvent(527) - responseCode = 200
2020-04-20 19:27:56 INFO  ApacheHttpClient.sendEvent(527) - responseCode = 200
2020-04-20 19:28:56 INFO  ApacheHttpClient.sendEvent(527) - responseCode = 200
2020-04-20 19:29:56 INFO  ApacheHttpClient.sendEvent(527) - responseCode = 200
2020-04-20 19:30:56 INFO  ApacheHttpClient.sendEvent(527) - responseCode = 200
2020-04-20 19:31:56 INFO  ApacheHttpClient.sendEvent(527) - responseCode = 200
2020-04-20 19:32:56 INFO  ApacheHttpClient.sendEvent(527) - responseCode = 200
2020-04-20 19:33:57 INFO  ApacheHttpClient.sendEvent(527) - responseCode = 200
2020-04-20 19:34:56 INFO  ApacheHttpClient.sendEvent(527) - responseCode = 200
2020-04-20 19:35:56 INFO  ApacheHttpClient.sendEvent(527) - responseCode = 200
2020-04-20 19:36:56 INFO  ApacheHttpClient.sendEvent(527) - responseCode = 200
2020-04-20 19:37:57 INFO  ApacheHttpClient.sendEvent(527) - responseCode = 200
